# JRE version: Java(TM) SE Runtime Environment (8.0_102-b14) (build 1.8.0_102-b14)
# Java VM: Java HotSpot(TM) 64-Bit Server VM (25.102-b14 mixed mode windows-amd64 compressed oops)
Heap:
 PSYoungGen      total 248832K, used 19145K [0x0000000780900000, 0x0000000791080000, 0x00000007c0000000)
  eden space 243200K, 7% used [0x0000000780900000,0x0000000781bb26d0,0x000000078f680000)
  from space 5632K, 0% used [0x0000000790b00000,0x0000000790b00000,0x0000000791080000)
  to   space 12288K, 0% used [0x000000078f880000,0x000000078f880000,0x0000000790480000)
 ParOldGen       total 167424K, used 22522K [0x0000000701a00000, 0x000000070bd80000, 0x0000000780900000)
  object space 167424K, 13% used [0x0000000701a00000,0x0000000702ffe8e8,0x000000070bd80000)
 Metaspace       used 65623K, capacity 66012K, committed 66580K, reserved 1112064K
  class space    used 8565K, capacity 8686K, committed 8764K, reserved 1048576K
GC Heap History (10 events):
Event: 12.431 GC heap before
{Heap before GC invocations=12 (full 2):
 PSYoungGen      total 137216K, used 134736K [0x0000000780900000, 0x000000078b480000, 0x00000007c0000000)
  eden space 126976K, 100% used [0x0000000780900000,0x0000000788500000,0x0000000788500000)
  from space 10240K, 75% used [0x0000000788500000,0x0000000788c941f0,0x0000000788f00000)
  to   space 10240K, 0% used [0x000000078aa80000,0x000000078aa80000,0x000000078b480000)
 ParOldGen       total 118784K, used 11007K [0x0000000701a00000, 0x0000000708e00000, 0x0000000780900000)
  object space 118784K, 9% used [0x0000000701a00000,0x00000007024bfcc8,0x0000000708e00000)
 Metaspace       used 48535K, capacity 48816K, committed 49112K, reserved 1091584K
  class space    used 6285K, capacity 6364K, committed 6400K, reserved 1048576K
Event: 12.441 GC heap after
Heap after GC invocations=12 (full 2):
 PSYoungGen      total 164864K, used 9778K [0x0000000780900000, 0x000000078bd00000, 0x00000007c0000000)
  eden space 154624K, 0% used [0x0000000780900000,0x0000000780900000,0x000000078a000000)
  from space 10240K, 95% used [0x000000078aa80000,0x000000078b40cb58,0x000000078b480000)
  to   space 10752K, 0% used [0x000000078a000000,0x000000078a000000,0x000000078aa80000)
 ParOldGen       total 118784K, used 11015K [0x0000000701a00000, 0x0000000708e00000, 0x0000000780900000)
  object space 118784K, 9% used [0x0000000701a00000,0x00000007024c1cc8,0x0000000708e00000)
 Metaspace       used 48535K, capacity 48816K, committed 49112K, reserved 1091584K
  class space    used 6285K, capacity 6364K, committed 6400K, reserved 1048576K
}
Event: 13.170 GC heap before
{Heap before GC invocations=13 (full 2):
 PSYoungGen      total 164864K, used 164402K [0x0000000780900000, 0x000000078bd00000, 0x00000007c0000000)
  eden space 154624K, 100% used [0x0000000780900000,0x000000078a000000,0x000000078a000000)
  from space 10240K, 95% used [0x000000078aa80000,0x000000078b40cb58,0x000000078b480000)
  to   space 10752K, 0% used [0x000000078a000000,0x000000078a000000,0x000000078aa80000)
 ParOldGen       total 118784K, used 11015K [0x0000000701a00000, 0x0000000708e00000, 0x0000000780900000)
  object space 118784K, 9% used [0x0000000701a00000,0x00000007024c1cc8,0x0000000708e00000)
 Metaspace       used 49017K, capacity 49296K, committed 49624K, reserved 1093632K
  class space    used 6308K, capacity 6396K, committed 6400K, reserved 1048576K
Event: 13.175 GC heap after
Heap after GC invocations=13 (full 2):
 PSYoungGen      total 165376K, used 6375K [0x0000000780900000, 0x000000078de00000, 0x00000007c0000000)
  eden space 154624K, 0% used [0x0000000780900000,0x0000000780900000,0x000000078a000000)
  from space 10752K, 59% used [0x000000078a000000,0x000000078a639fb8,0x000000078aa80000)
  to   space 10752K, 0% used [0x000000078d380000,0x000000078d380000,0x000000078de00000)
 ParOldGen       total 118784K, used 11023K [0x0000000701a00000, 0x0000000708e00000, 0x0000000780900000)
  object space 118784K, 9% used [0x0000000701a00000,0x00000007024c3cc8,0x0000000708e00000)
 Metaspace       used 49017K, capacity 49296K, committed 49624K, reserved 1093632K
  class space    used 6308K, capacity 6396K, committed 6400K, reserved 1048576K
}
Event: 15.482 GC heap before
{Heap before GC invocations=14 (full 2):
 PSYoungGen      total 165376K, used 160999K [0x0000000780900000, 0x000000078de00000, 0x00000007c0000000)
  eden space 154624K, 100% used [0x0000000780900000,0x000000078a000000,0x000000078a000000)
  from space 10752K, 59% used [0x000000078a000000,0x000000078a639fb8,0x000000078aa80000)
  to   space 10752K, 0% used [0x000000078d380000,0x000000078d380000,0x000000078de00000)
 ParOldGen       total 118784K, used 11023K [0x0000000701a00000, 0x0000000708e00000, 0x0000000780900000)
  object space 118784K, 9% used [0x0000000701a00000,0x00000007024c3cc8,0x0000000708e00000)
 Metaspace       used 54817K, capacity 55154K, committed 55512K, reserved 1097728K
  class space    used 6976K, capacity 7079K, committed 7168K, reserved 1048576K
Event: 15.508 GC heap after
Heap after GC invocations=14 (full 2):
 PSYoungGen      total 205824K, used 10742K [0x0000000780900000, 0x000000078e200000, 0x00000007c0000000)
  eden space 195072K, 0% used [0x0000000780900000,0x0000000780900000,0x000000078c780000)
  from space 10752K, 99% used [0x000000078d380000,0x000000078ddfdae8,0x000000078de00000)
  to   space 12288K, 0% used [0x000000078c780000,0x000000078c780000,0x000000078d380000)
 ParOldGen       total 118784K, used 12033K [0x0000000701a00000, 0x0000000708e00000, 0x0000000780900000)
  object space 118784K, 10% used [0x0000000701a00000,0x00000007025c06f8,0x0000000708e00000)
 Metaspace       used 54817K, capacity 55154K, committed 55512K, reserved 1097728K
  class space    used 6976K, capacity 7079K, committed 7168K, reserved 1048576K
}
Event: 16.769 GC heap before
{Heap before GC invocations=15 (full 2):
 PSYoungGen      total 205824K, used 76191K [0x0000000780900000, 0x000000078e200000, 0x00000007c0000000)
  eden space 195072K, 33% used [0x0000000780900000,0x00000007848ea500,0x000000078c780000)
  from space 10752K, 99% used [0x000000078d380000,0x000000078ddfdae8,0x000000078de00000)
  to   space 12288K, 0% used [0x000000078c780000,0x000000078c780000,0x000000078d380000)
 ParOldGen       total 118784K, used 12033K [0x0000000701a00000, 0x0000000708e00000, 0x0000000780900000)
  object space 118784K, 10% used [0x0000000701a00000,0x00000007025c06f8,0x0000000708e00000)
 Metaspace       used 58348K, capacity 58684K, committed 59028K, reserved 1101824K
  class space    used 7459K, capacity 7566K, committed 7612K, reserved 1048576K
Event: 16.787 GC heap after
Heap after GC invocations=15 (full 2):
 PSYoungGen      total 207360K, used 8496K [0x0000000780900000, 0x0000000791700000, 0x00000007c0000000)
  eden space 195072K, 0% used [0x0000000780900000,0x0000000780900000,0x000000078c780000)
  from space 12288K, 69% used [0x000000078c780000,0x000000078cfcc098,0x000000078d380000)
  to   space 12288K, 0% used [0x0000000790b00000,0x0000000790b00000,0x0000000791700000)
 ParOldGen       total 118784K, used 15371K [0x0000000701a00000, 0x0000000708e00000, 0x0000000780900000)
  object space 118784K, 12% used [0x0000000701a00000,0x0000000702902c58,0x0000000708e00000)
 Metaspace       used 58348K, capacity 58684K, committed 59028K, reserved 1101824K
  class space    used 7459K, capacity 7566K, committed 7612K, reserved 1048576K
}
Event: 16.787 GC heap before
{Heap before GC invocations=16 (full 3):
 PSYoungGen      total 207360K, used 8496K [0x0000000780900000, 0x0000000791700000, 0x00000007c0000000)
  eden space 195072K, 0% used [0x0000000780900000,0x0000000780900000,0x000000078c780000)
  from space 12288K, 69% used [0x000000078c780000,0x000000078cfcc098,0x000000078d380000)
  to   space 12288K, 0% used [0x0000000790b00000,0x0000000790b00000,0x0000000791700000)
 ParOldGen       total 118784K, used 15371K [0x0000000701a00000, 0x0000000708e00000, 0x0000000780900000)
  object space 118784K, 12% used [0x0000000701a00000,0x0000000702902c58,0x0000000708e00000)
 Metaspace       used 58348K, capacity 58684K, committed 59028K, reserved 1101824K
  class space    used 7459K, capacity 7566K, committed 7612K, reserved 1048576K
Event: 16.953 GC heap after
Heap after GC invocations=16 (full 3):
 PSYoungGen      total 207360K, used 0K [0x0000000780900000, 0x0000000791700000, 0x00000007c0000000)
  eden space 195072K, 0% used [0x0000000780900000,0x0000000780900000,0x000000078c780000)
  from space 12288K, 0% used [0x000000078c780000,0x000000078c780000,0x000000078d380000)
  to   space 12288K, 0% used [0x0000000790b00000,0x0000000790b00000,0x0000000791700000)
 ParOldGen       total 167424K, used 20728K [0x0000000701a00000, 0x000000070bd80000, 0x0000000780900000)
  object space 167424K, 12% used [0x0000000701a00000,0x0000000702e3e020,0x000000070bd80000)
 Metaspace       used 58348K, capacity 58684K, committed 59028K, reserved 1101824K
  class space    used 7459K, capacity 7566K, committed 7612K, reserved 1048576K
}

