# JRE version: Java(TM) SE Runtime Environment (8.0_102-b14) (build 1.8.0_102-b14)
# Java VM: Java HotSpot(TM) 64-Bit Server VM (25.102-b14 mixed mode windows-amd64 compressed oops)
Heap:
 PSYoungGen      total 269824K, used 36844K [0x0000000780900000, 0x0000000792e80000, 0x00000007c0000000)
  eden space 251904K, 7% used [0x0000000780900000,0x0000000781b7e788,0x000000078ff00000)
  from space 17920K, 99% used [0x0000000791400000,0x000000079257caa0,0x0000000792580000)
  to   space 21504K, 0% used [0x000000078ff00000,0x000000078ff00000,0x0000000791400000)
 ParOldGen       total 187904K, used 32457K [0x0000000701a00000, 0x000000070d180000, 0x0000000780900000)
  object space 187904K, 17% used [0x0000000701a00000,0x00000007039b2778,0x000000070d180000)
 Metaspace       used 90986K, capacity 91568K, committed 91864K, reserved 1128448K
  class space    used 12358K, capacity 12528K, committed 12544K, reserved 1048576K
GC Heap History (10 events):
Event: 15.681 GC heap before
{Heap before GC invocations=11 (full 2):
 PSYoungGen      total 196608K, used 191309K [0x0000000780900000, 0x000000078db00000, 0x00000007c0000000)
  eden space 183296K, 100% used [0x0000000780900000,0x000000078bc00000,0x000000078bc00000)
  from space 13312K, 60% used [0x000000078c880000,0x000000078d0534f8,0x000000078d580000)
  to   space 12800K, 0% used [0x000000078bc00000,0x000000078bc00000,0x000000078c880000)
 ParOldGen       total 132608K, used 14868K [0x0000000701a00000, 0x0000000709b80000, 0x0000000780900000)
  object space 132608K, 11% used [0x0000000701a00000,0x0000000702885100,0x0000000709b80000)
 Metaspace       used 52139K, capacity 52486K, committed 52824K, reserved 1095680K
  class space    used 6609K, capacity 6725K, committed 6784K, reserved 1048576K
Event: 15.693 GC heap after
Heap after GC invocations=11 (full 2):
 PSYoungGen      total 196096K, used 9026K [0x0000000780900000, 0x000000078f700000, 0x00000007c0000000)
  eden space 183296K, 0% used [0x0000000780900000,0x0000000780900000,0x000000078bc00000)
  from space 12800K, 70% used [0x000000078bc00000,0x000000078c4d0be8,0x000000078c880000)
  to   space 12800K, 0% used [0x000000078ea80000,0x000000078ea80000,0x000000078f700000)
 ParOldGen       total 132608K, used 14876K [0x0000000701a00000, 0x0000000709b80000, 0x0000000780900000)
  object space 132608K, 11% used [0x0000000701a00000,0x0000000702887100,0x0000000709b80000)
 Metaspace       used 52139K, capacity 52486K, committed 52824K, reserved 1095680K
  class space    used 6609K, capacity 6725K, committed 6784K, reserved 1048576K
}
Event: 18.240 GC heap before
{Heap before GC invocations=12 (full 2):
 PSYoungGen      total 196096K, used 144323K [0x0000000780900000, 0x000000078f700000, 0x00000007c0000000)
  eden space 183296K, 73% used [0x0000000780900000,0x0000000788d20348,0x000000078bc00000)
  from space 12800K, 70% used [0x000000078bc00000,0x000000078c4d0be8,0x000000078c880000)
  to   space 12800K, 0% used [0x000000078ea80000,0x000000078ea80000,0x000000078f700000)
 ParOldGen       total 132608K, used 14876K [0x0000000701a00000, 0x0000000709b80000, 0x0000000780900000)
  object space 132608K, 11% used [0x0000000701a00000,0x0000000702887100,0x0000000709b80000)
 Metaspace       used 58305K, capacity 58652K, committed 58968K, reserved 1101824K
  class space    used 7455K, capacity 7534K, committed 7552K, reserved 1048576K
Event: 18.253 GC heap after
Heap after GC invocations=12 (full 2):
 PSYoungGen      total 228864K, used 12786K [0x0000000780900000, 0x000000078f800000, 0x00000007c0000000)
  eden space 216064K, 0% used [0x0000000780900000,0x0000000780900000,0x000000078dc00000)
  from space 12800K, 99% used [0x000000078ea80000,0x000000078f6fc9d8,0x000000078f700000)
  to   space 14336K, 0% used [0x000000078dc00000,0x000000078dc00000,0x000000078ea00000)
 ParOldGen       total 132608K, used 16391K [0x0000000701a00000, 0x0000000709b80000, 0x0000000780900000)
  object space 132608K, 12% used [0x0000000701a00000,0x0000000702a01ea8,0x0000000709b80000)
 Metaspace       used 58305K, capacity 58652K, committed 58968K, reserved 1101824K
  class space    used 7455K, capacity 7534K, committed 7552K, reserved 1048576K
}
Event: 18.254 GC heap before
{Heap before GC invocations=13 (full 3):
 PSYoungGen      total 228864K, used 12786K [0x0000000780900000, 0x000000078f800000, 0x00000007c0000000)
  eden space 216064K, 0% used [0x0000000780900000,0x0000000780900000,0x000000078dc00000)
  from space 12800K, 99% used [0x000000078ea80000,0x000000078f6fc9d8,0x000000078f700000)
  to   space 14336K, 0% used [0x000000078dc00000,0x000000078dc00000,0x000000078ea00000)
 ParOldGen       total 132608K, used 16391K [0x0000000701a00000, 0x0000000709b80000, 0x0000000780900000)
  object space 132608K, 12% used [0x0000000701a00000,0x0000000702a01ea8,0x0000000709b80000)
 Metaspace       used 58305K, capacity 58652K, committed 58968K, reserved 1101824K
  class space    used 7455K, capacity 7534K, committed 7552K, reserved 1048576K
Event: 18.374 GC heap after
Heap after GC invocations=13 (full 3):
 PSYoungGen      total 228864K, used 0K [0x0000000780900000, 0x000000078f800000, 0x00000007c0000000)
  eden space 216064K, 0% used [0x0000000780900000,0x0000000780900000,0x000000078dc00000)
  from space 12800K, 0% used [0x000000078ea80000,0x000000078ea80000,0x000000078f700000)
  to   space 14336K, 0% used [0x000000078dc00000,0x000000078dc00000,0x000000078ea00000)
 ParOldGen       total 187904K, used 23048K [0x0000000701a00000, 0x000000070d180000, 0x0000000780900000)
  object space 187904K, 12% used [0x0000000701a00000,0x0000000703082058,0x000000070d180000)
 Metaspace       used 58305K, capacity 58652K, committed 58968K, reserved 1101824K
  class space    used 7455K, capacity 7534K, committed 7552K, reserved 1048576K
}
Event: 22.408 GC heap before
{Heap before GC invocations=14 (full 3):
 PSYoungGen      total 228864K, used 216064K [0x0000000780900000, 0x000000078f800000, 0x00000007c0000000)
  eden space 216064K, 100% used [0x0000000780900000,0x000000078dc00000,0x000000078dc00000)
  from space 12800K, 0% used [0x000000078ea80000,0x000000078ea80000,0x000000078f700000)
  to   space 14336K, 0% used [0x000000078dc00000,0x000000078dc00000,0x000000078ea00000)
 ParOldGen       total 187904K, used 23048K [0x0000000701a00000, 0x000000070d180000, 0x0000000780900000)
  object space 187904K, 12% used [0x0000000701a00000,0x0000000703082058,0x000000070d180000)
 Metaspace       used 75475K, capacity 75900K, committed 76504K, reserved 1116160K
  class space    used 10064K, capacity 10164K, committed 10240K, reserved 1048576K
Event: 22.429 GC heap after
Heap after GC invocations=14 (full 3):
 PSYoungGen      total 230400K, used 14329K [0x0000000780900000, 0x0000000792580000, 0x00000007c0000000)
  eden space 216064K, 0% used [0x0000000780900000,0x0000000780900000,0x000000078dc00000)
  from space 14336K, 99% used [0x000000078dc00000,0x000000078e9fe5b8,0x000000078ea00000)
  to   space 17920K, 0% used [0x0000000791400000,0x0000000791400000,0x0000000792580000)
 ParOldGen       total 187904K, used 29303K [0x0000000701a00000, 0x000000070d180000, 0x0000000780900000)
  object space 187904K, 15% used [0x0000000701a00000,0x000000070369dc08,0x000000070d180000)
 Metaspace       used 75475K, capacity 75900K, committed 76504K, reserved 1116160K
  class space    used 10064K, capacity 10164K, committed 10240K, reserved 1048576K
}
Event: 25.524 GC heap before
{Heap before GC invocations=15 (full 3):
 PSYoungGen      total 230400K, used 230393K [0x0000000780900000, 0x0000000792580000, 0x00000007c0000000)
  eden space 216064K, 100% used [0x0000000780900000,0x000000078dc00000,0x000000078dc00000)
  from space 14336K, 99% used [0x000000078dc00000,0x000000078e9fe5b8,0x000000078ea00000)
  to   space 17920K, 0% used [0x0000000791400000,0x0000000791400000,0x0000000792580000)
 ParOldGen       total 187904K, used 29303K [0x0000000701a00000, 0x000000070d180000, 0x0000000780900000)
  object space 187904K, 15% used [0x0000000701a00000,0x000000070369dc08,0x000000070d180000)
 Metaspace       used 89858K, capacity 90448K, committed 90712K, reserved 1128448K
  class space    used 12215K, capacity 12368K, committed 12416K, reserved 1048576K
Event: 25.551 GC heap after
Heap after GC invocations=15 (full 3):
 PSYoungGen      total 269824K, used 17906K [0x0000000780900000, 0x0000000792e80000, 0x00000007c0000000)
  eden space 251904K, 0% used [0x0000000780900000,0x0000000780900000,0x000000078ff00000)
  from space 17920K, 99% used [0x0000000791400000,0x000000079257caa0,0x0000000792580000)
  to   space 21504K, 0% used [0x000000078ff00000,0x000000078ff00000,0x0000000791400000)
 ParOldGen       total 187904K, used 32457K [0x0000000701a00000, 0x000000070d180000, 0x0000000780900000)
  object space 187904K, 17% used [0x0000000701a00000,0x00000007039b2778,0x000000070d180000)
 Metaspace       used 89858K, capacity 90448K, committed 90712K, reserved 1128448K
  class space    used 12215K, capacity 12368K, committed 12416K, reserved 1048576K
}

